<?xml version="1.0" encoding="UTF-8"?>
<!-- Generated by org.testng.reporters.JUnitXMLReporter -->
<testsuite ignored="0" hostname="Shahid" failures="0" tests="4" name="Test1" time="97.087" errors="0" timestamp="2023-03-11T21:03:36 IST">
  <testcase classname="TestCase.LoginTest" name="LogiFailureTest" time="22.253"/>
  <testcase classname="TestCase.LoginTest" name="LoginSuccessTest" time="16.229"/>
  <testcase classname="TestCase.LoginTest" name="excelTestData" time="13.553"/>
  <testcase classname="TestCase.LoginTest" name="paramTest" time="16.536"/>
</testsuite> <!-- Test1 -->
