<?xml version="1.0" encoding="UTF-8"?>
<!-- Generated by org.testng.reporters.JUnitXMLReporter -->
<testsuite ignored="0" hostname="Shahid" failures="0" tests="4" name="Test1" time="85.789" errors="0" timestamp="2023-03-12T20:49:38 IST">
  <testcase classname="TestCase.LoginTest" name="LogiFailureTest" time="18.431"/>
  <testcase classname="TestCase.LoginTest" name="LoginSuccessTest" time="14.882"/>
  <testcase classname="TestCase.LoginTest" name="excelTestData" time="12.337"/>
  <testcase classname="TestCase.LoginTest" name="paramTest" time="15.244"/>
</testsuite> <!-- Test1 -->
