<?xml version="1.0" encoding="UTF-8"?>
<testsuite xmlns:xsi="http://www.w3.org/2001/XMLSchema-instance" xsi:noNamespaceSchemaLocation="https://maven.apache.org/surefire/maven-surefire-plugin/xsd/surefire-test-report-3.0.xsd" version="3.0" name="TestSuite" time="86.557" tests="4" errors="0" skipped="0" failures="0">
  <properties>
[...]
</properties>
  <testcase name="LogiFailureTest" classname="TestCase.LoginTest" time="18.434">
    <system-out><![CDATA[The email or password you have entered is invalid.
]]></system-out>
    <system-err><![CDATA[1678634293782	geckodriver	INFO	Listening on 127.0.0.1:57606
1678634294572	mozrunner::runner	INFO	Running command: "C:\\Program Files\\Mozilla Firefox\\firefox.exe" "--marionette" "-no-remote" "-profile" "C:\\Users\\SHAHID~1\\AppData\\Local\\Temp\\rust_mozprofile9bn6OZ"
console.warn: services.settings: Ignoring preference override of remote settings server
console.warn: services.settings: Allow by setting MOZ_REMOTE_SETTINGS_DEVTOOLS=1 in the environment
1678634295393	Marionette	INFO	Marionette enabled
Dynamically enable window occlusion 0
1678634295404	Marionette	INFO	Listening on port 52803
Read port: 52803
1678634296114	RemoteAgent	WARN	TLS certificate errors will be ignored for this session
console.warn: SearchSettings: "get: No settings file exists, new profile?" (new NotFoundError("Could not open the file at C:\\Users\\SHAHID~1\\AppData\\Local\\Temp\\rust_mozprofile9bn6OZ\\search.json.mozlz4", (void 0)))
Mar 12, 2023 8:48:17 PM org.openqa.selenium.remote.ProtocolHandshake createSession
INFO: Detected dialect: W3C
1678634306296	Marionette	WARN	Ignoring event 'pageshow' because document has an invalid readyState of 'interactive'.
JavaScript warning: https://cdn-jp.gsecondscreen.com/static/tac.min.js, line 3: unreachable code after return statement
1678634309590	Marionette	WARN	Ignoring event 'DOMContentLoaded' because document has an invalid readyState of 'complete'.
JavaScript warning: https://accounts.simplilearn.com/user/login?redirect_url=https%3A%2F%2Flms.simplilearn.com%2F, line 748: unreachable code after return statement
1678634313944	Marionette	WARN	Ignoring event 'pageshow' because document has an invalid readyState of 'interactive'.
JavaScript error: https://cfaccounts.simplicdn.net/core/js/utility.1660046122.js, line 71: SyntaxError: JSON.parse: unexpected character at line 1 column 1 of the JSON data
console.warn: LoginRecipes: "Falling back to a synchronous message for: https://accounts.simplilearn.com."
console.warn: LoginRecipes: "Falling back to a synchronous message for: https://accounts.simplilearn.com."
JavaScript warning: https://accounts.simplilearn.com/user/login?redirect_url=https%3A%2F%2Flms.simplilearn.com%2F, line 748: unreachable code after return statement
1678634317119	Marionette	WARN	Ignoring event 'pageshow' because document has an invalid readyState of 'interactive'.
JavaScript error: https://cfaccounts.simplicdn.net/core/js/utility.1660046122.js, line 71: SyntaxError: JSON.parse: unexpected character at line 1 column 1 of the JSON data
]]></system-err>
  </testcase>
  <testcase name="LoginSuccessTest" classname="TestCase.LoginTest" time="14.883">
    <system-err><![CDATA[1678634318513	Marionette	INFO	Stopped listening on port 52803
Dynamically enable window occlusion 1
1678634319486	geckodriver	INFO	Listening on 127.0.0.1:25622
1678634319527	mozrunner::runner	INFO	Running command: "C:\\Program Files\\Mozilla Firefox\\firefox.exe" "--marionette" "-no-remote" "-profile" "C:\\Users\\SHAHID~1\\AppData\\Local\\Temp\\rust_mozprofileEomPbi"
console.warn: services.settings: Ignoring preference override of remote settings server
console.warn: services.settings: Allow by setting MOZ_REMOTE_SETTINGS_DEVTOOLS=1 in the environment
1678634319902	Marionette	INFO	Marionette enabled
Dynamically enable window occlusion 0
1678634319907	Marionette	INFO	Listening on port 52921
Read port: 52921
1678634320360	RemoteAgent	WARN	TLS certificate errors will be ignored for this session
console.warn: SearchSettings: "get: No settings file exists, new profile?" (new NotFoundError("Could not open the file at C:\\Users\\SHAHID~1\\AppData\\Local\\Temp\\rust_mozprofileEomPbi\\search.json.mozlz4", (void 0)))
Mar 12, 2023 8:48:42 PM org.openqa.selenium.remote.ProtocolHandshake createSession
INFO: Detected dialect: W3C
1678634330288	Marionette	WARN	Ignoring event 'pageshow' because document has an invalid readyState of 'interactive'.
1678634331441	Marionette	WARN	Ignoring event 'DOMContentLoaded' because document has an invalid readyState of 'complete'.
JavaScript warning: https://accounts.simplilearn.com/user/login?redirect_url=https%3A%2F%2Flms.simplilearn.com%2F, line 748: unreachable code after return statement
1678634333867	Marionette	WARN	Ignoring event 'pageshow' because document has an invalid readyState of 'interactive'.
JavaScript error: https://cfaccounts.simplicdn.net/core/js/utility.1660046122.js, line 71: SyntaxError: JSON.parse: unexpected character at line 1 column 1 of the JSON data
console.warn: LoginRecipes: "Falling back to a synchronous message for: https://accounts.simplilearn.com."
console.warn: LoginRecipes: "Falling back to a synchronous message for: https://accounts.simplilearn.com."
JavaScript warning: https://accounts.simplilearn.com/user/login?redirect_url=https%3A%2F%2Flms.simplilearn.com%2F, line 748: unreachable code after return statement
[Parent 10048, IPC I/O Parent] WARNING: DuplicateHandle failed for handle 0 in TransferHandles: file /builds/worker/checkouts/gecko/ipc/chromium/src/chrome/common/ipc_channel_win.cc:777
1678634337582	Marionette	WARN	Ignoring event 'pageshow' because document has an invalid readyState of 'interactive'.
JavaScript error: https://cfaccounts.simplicdn.net/core/js/utility.1660046122.js, line 71: SyntaxError: JSON.parse: unexpected character at line 1 column 1 of the JSON data
]]></system-err>
  </testcase>
  <testcase name="excelTestData" classname="TestCase.LoginTest" time="12.338">
    <system-err><![CDATA[1678634338972	Marionette	INFO	Stopped listening on port 52921
Dynamically enable window occlusion 1
1678634339917	geckodriver	INFO	Listening on 127.0.0.1:62765
1678634339935	mozrunner::runner	INFO	Running command: "C:\\Program Files\\Mozilla Firefox\\firefox.exe" "--marionette" "-no-remote" "-profile" "C:\\Users\\SHAHID~1\\AppData\\Local\\Temp\\rust_mozprofile3WdT9i"
console.warn: services.settings: Ignoring preference override of remote settings server
console.warn: services.settings: Allow by setting MOZ_REMOTE_SETTINGS_DEVTOOLS=1 in the environment
1678634340307	Marionette	INFO	Marionette enabled
Dynamically enable window occlusion 0
1678634340314	Marionette	INFO	Listening on port 53039
Read port: 53039
1678634340637	RemoteAgent	WARN	TLS certificate errors will be ignored for this session
console.warn: SearchSettings: "get: No settings file exists, new profile?" (new NotFoundError("Could not open the file at C:\\Users\\SHAHID~1\\AppData\\Local\\Temp\\rust_mozprofile3WdT9i\\search.json.mozlz4", (void 0)))
Mar 12, 2023 8:49:02 PM org.openqa.selenium.remote.ProtocolHandshake createSession
INFO: Detected dialect: W3C
1678634350333	Marionette	WARN	Ignoring event 'pageshow' because document has an invalid readyState of 'interactive'.
1678634351427	Marionette	WARN	Ignoring event 'DOMContentLoaded' because document has an invalid readyState of 'complete'.
JavaScript warning: https://accounts.simplilearn.com/user/login?redirect_url=https%3A%2F%2Flms.simplilearn.com%2F, line 748: unreachable code after return statement
1678634354201	Marionette	WARN	Ignoring event 'pageshow' because document has an invalid readyState of 'interactive'.
JavaScript error: https://cfaccounts.simplicdn.net/core/js/utility.1660046122.js, line 71: SyntaxError: JSON.parse: unexpected character at line 1 column 1 of the JSON data
console.warn: LoginRecipes: "Falling back to a synchronous message for: https://accounts.simplilearn.com."
]]></system-err>
  </testcase>
  <testcase name="paramTest[prasad@gmail.com, Test!2345](1)" classname="TestCase.LoginTest" time="15.244">
    <system-err><![CDATA[1678634356474	Marionette	INFO	Stopped listening on port 53039
Dynamically enable window occlusion 1
1678634357403	geckodriver	INFO	Listening on 127.0.0.1:28459
1678634357442	mozrunner::runner	INFO	Running command: "C:\\Program Files\\Mozilla Firefox\\firefox.exe" "--marionette" "-no-remote" "-profile" "C:\\Users\\SHAHID~1\\AppData\\Local\\Temp\\rust_mozprofileAO1eEC"
console.warn: services.settings: Ignoring preference override of remote settings server
console.warn: services.settings: Allow by setting MOZ_REMOTE_SETTINGS_DEVTOOLS=1 in the environment
1678634357815	Marionette	INFO	Marionette enabled
Dynamically enable window occlusion 0
1678634357819	Marionette	INFO	Listening on port 53143
Read port: 53143
1678634358217	RemoteAgent	WARN	TLS certificate errors will be ignored for this session
console.warn: SearchSettings: "get: No settings file exists, new profile?" (new NotFoundError("Could not open the file at C:\\Users\\SHAHID~1\\AppData\\Local\\Temp\\rust_mozprofileAO1eEC\\search.json.mozlz4", (void 0)))
Mar 12, 2023 8:49:19 PM org.openqa.selenium.remote.ProtocolHandshake createSession
INFO: Detected dialect: W3C
1678634367836	Marionette	WARN	Ignoring event 'pageshow' because document has an invalid readyState of 'interactive'.
1678634368979	Marionette	WARN	Ignoring event 'DOMContentLoaded' because document has an invalid readyState of 'complete'.
JavaScript warning: https://accounts.simplilearn.com/user/login?redirect_url=https%3A%2F%2Flms.simplilearn.com%2F, line 748: unreachable code after return statement
1678634371788	Marionette	WARN	Ignoring event 'pageshow' because document has an invalid readyState of 'interactive'.
JavaScript error: https://cfaccounts.simplicdn.net/core/js/utility.1660046122.js, line 71: SyntaxError: JSON.parse: unexpected character at line 1 column 1 of the JSON data
console.warn: LoginRecipes: "Falling back to a synchronous message for: https://accounts.simplilearn.com."
console.warn: LoginRecipes: "Falling back to a synchronous message for: https://accounts.simplilearn.com."
JavaScript warning: https://accounts.simplilearn.com/user/login?redirect_url=https%3A%2F%2Flms.simplilearn.com%2F, line 748: unreachable code after return statement
1678634375484	Marionette	WARN	Ignoring event 'pageshow' because document has an invalid readyState of 'interactive'.
JavaScript error: https://cfaccounts.simplicdn.net/core/js/utility.1660046122.js, line 71: SyntaxError: JSON.parse: unexpected character at line 1 column 1 of the JSON data
]]></system-err>
  </testcase>
</testsuite>