<?xml version="1.0" encoding="UTF-8"?>
<testng-results ignored="0" total="4" passed="4" failed="0" skipped="0">
  <reporter-output>
  </reporter-output>
  <suite started-at="2023-03-12T20:48:12 IST" name="Suite" finished-at="2023-03-12T20:49:38 IST" duration-ms="85789">
    <groups>
    </groups>
    <test started-at="2023-03-12T20:48:12 IST" name="Test1" finished-at="2023-03-12T20:49:38 IST" duration-ms="85789">
      <class name="TestCase.LoginTest">
        <test-method is-config="true" signature="testData()[pri:0, instance:TestCase.LoginTest@1c7696c6]" started-at="2023-03-12T20:48:12 IST" name="testData" finished-at="2023-03-12T20:48:13 IST" duration-ms="784" status="PASS">
          <reporter-output>
          </reporter-output>
        </test-method> <!-- testData -->
        <test-method is-config="true" signature="SetUp()[pri:0, instance:TestCase.LoginTest@1c7696c6]" started-at="2023-03-12T20:48:13 IST" name="SetUp" finished-at="2023-03-12T20:48:20 IST" duration-ms="6898" status="PASS">
          <reporter-output>
          </reporter-output>
        </test-method> <!-- SetUp -->
        <test-method signature="LogiFailureTest()[pri:0, instance:TestCase.LoginTest@1c7696c6]" started-at="2023-03-12T20:48:20 IST" name="LogiFailureTest" finished-at="2023-03-12T20:48:38 IST" duration-ms="18431" status="PASS">
          <reporter-output>
          </reporter-output>
        </test-method> <!-- LogiFailureTest -->
        <test-method is-config="true" signature="QuitBrowser()[pri:0, instance:TestCase.LoginTest@1c7696c6]" started-at="2023-03-12T20:48:38 IST" name="QuitBrowser" finished-at="2023-03-12T20:48:39 IST" duration-ms="930" status="PASS">
          <reporter-output>
          </reporter-output>
        </test-method> <!-- QuitBrowser -->
        <test-method is-config="true" signature="SetUp()[pri:0, instance:TestCase.LoginTest@1c7696c6]" started-at="2023-03-12T20:48:39 IST" name="SetUp" finished-at="2023-03-12T20:48:44 IST" duration-ms="4633" status="PASS">
          <reporter-output>
          </reporter-output>
        </test-method> <!-- SetUp -->
        <test-method signature="LoginSuccessTest()[pri:0, instance:TestCase.LoginTest@1c7696c6]" started-at="2023-03-12T20:48:44 IST" name="LoginSuccessTest" finished-at="2023-03-12T20:48:58 IST" duration-ms="14882" status="PASS">
          <reporter-output>
          </reporter-output>
        </test-method> <!-- LoginSuccessTest -->
        <test-method is-config="true" signature="QuitBrowser()[pri:0, instance:TestCase.LoginTest@1c7696c6]" started-at="2023-03-12T20:48:58 IST" name="QuitBrowser" finished-at="2023-03-12T20:48:59 IST" duration-ms="921" status="PASS">
          <reporter-output>
          </reporter-output>
        </test-method> <!-- QuitBrowser -->
        <test-method is-config="true" signature="SetUp()[pri:0, instance:TestCase.LoginTest@1c7696c6]" started-at="2023-03-12T20:48:59 IST" name="SetUp" finished-at="2023-03-12T20:49:04 IST" duration-ms="4247" status="PASS">
          <reporter-output>
          </reporter-output>
        </test-method> <!-- SetUp -->
        <test-method signature="excelTestData()[pri:0, instance:TestCase.LoginTest@1c7696c6]" started-at="2023-03-12T20:49:04 IST" name="excelTestData" finished-at="2023-03-12T20:49:16 IST" duration-ms="12337" status="PASS">
          <reporter-output>
          </reporter-output>
        </test-method> <!-- excelTestData -->
        <test-method is-config="true" signature="QuitBrowser()[pri:0, instance:TestCase.LoginTest@1c7696c6]" started-at="2023-03-12T20:49:16 IST" name="QuitBrowser" finished-at="2023-03-12T20:49:17 IST" duration-ms="900" status="PASS">
          <reporter-output>
          </reporter-output>
        </test-method> <!-- QuitBrowser -->
        <test-method is-config="true" signature="SetUp()[pri:0, instance:TestCase.LoginTest@1c7696c6]" started-at="2023-03-12T20:49:17 IST" name="SetUp" finished-at="2023-03-12T20:49:21 IST" duration-ms="4281" status="PASS">
          <reporter-output>
          </reporter-output>
        </test-method> <!-- SetUp -->
        <test-method signature="paramTest(java.lang.String,java.lang.String)[pri:0, instance:TestCase.LoginTest@1c7696c6]" started-at="2023-03-12T20:49:21 IST" name="paramTest" finished-at="2023-03-12T20:49:36 IST" duration-ms="15244" status="PASS">
          <params>
            <param index="0">
              <value>
                <![CDATA[prasad@gmail.com]]>
              </value>
            </param>
            <param index="1">
              <value>
                <![CDATA[Test!2345]]>
              </value>
            </param>
          </params>
          <reporter-output>
          </reporter-output>
        </test-method> <!-- paramTest -->
        <test-method is-config="true" signature="QuitBrowser()[pri:0, instance:TestCase.LoginTest@1c7696c6]" started-at="2023-03-12T20:49:36 IST" name="QuitBrowser" finished-at="2023-03-12T20:49:37 IST" duration-ms="1022" status="PASS">
          <reporter-output>
          </reporter-output>
        </test-method> <!-- QuitBrowser -->
        <test-method is-config="true" signature="dataclose()[pri:0, instance:TestCase.LoginTest@1c7696c6]" started-at="2023-03-12T20:49:37 IST" name="dataclose" finished-at="2023-03-12T20:49:38 IST" duration-ms="235" status="PASS">
          <reporter-output>
          </reporter-output>
        </test-method> <!-- dataclose -->
      </class> <!-- TestCase.LoginTest -->
    </test> <!-- Test1 -->
  </suite> <!-- Suite -->
</testng-results>
