<?xml version="1.0" encoding="UTF-8"?>
<testng-results ignored="0" total="4" passed="4" failed="0" skipped="0">
  <reporter-output>
  </reporter-output>
  <suite started-at="2023-03-11T21:01:58 IST" name="Suite" finished-at="2023-03-11T21:03:36 IST" duration-ms="97087">
    <groups>
    </groups>
    <test started-at="2023-03-11T21:01:58 IST" name="Test1" finished-at="2023-03-11T21:03:36 IST" duration-ms="97087">
      <class name="TestCase.LoginTest">
        <test-method is-config="true" signature="testData()[pri:0, instance:TestCase.LoginTest@53fe15ff]" started-at="2023-03-11T21:01:58 IST" name="testData" finished-at="2023-03-11T21:01:59 IST" duration-ms="774" status="PASS">
          <reporter-output>
          </reporter-output>
        </test-method> <!-- testData -->
        <test-method is-config="true" signature="SetUp()[pri:0, instance:TestCase.LoginTest@53fe15ff]" started-at="2023-03-11T21:01:59 IST" name="SetUp" finished-at="2023-03-11T21:02:06 IST" duration-ms="6858" status="PASS">
          <reporter-output>
          </reporter-output>
        </test-method> <!-- SetUp -->
        <test-method signature="LogiFailureTest()[pri:0, instance:TestCase.LoginTest@53fe15ff]" started-at="2023-03-11T21:02:06 IST" name="LogiFailureTest" finished-at="2023-03-11T21:02:28 IST" duration-ms="22253" status="PASS">
          <reporter-output>
          </reporter-output>
        </test-method> <!-- LogiFailureTest -->
        <test-method is-config="true" signature="QuitBrowser()[pri:0, instance:TestCase.LoginTest@53fe15ff]" started-at="2023-03-11T21:02:28 IST" name="QuitBrowser" finished-at="2023-03-11T21:02:30 IST" duration-ms="1310" status="PASS">
          <reporter-output>
          </reporter-output>
        </test-method> <!-- QuitBrowser -->
        <test-method is-config="true" signature="SetUp()[pri:0, instance:TestCase.LoginTest@53fe15ff]" started-at="2023-03-11T21:02:30 IST" name="SetUp" finished-at="2023-03-11T21:02:35 IST" duration-ms="5166" status="PASS">
          <reporter-output>
          </reporter-output>
        </test-method> <!-- SetUp -->
        <test-method signature="LoginSuccessTest()[pri:0, instance:TestCase.LoginTest@53fe15ff]" started-at="2023-03-11T21:02:35 IST" name="LoginSuccessTest" finished-at="2023-03-11T21:02:51 IST" duration-ms="16229" status="PASS">
          <reporter-output>
          </reporter-output>
        </test-method> <!-- LoginSuccessTest -->
        <test-method is-config="true" signature="QuitBrowser()[pri:0, instance:TestCase.LoginTest@53fe15ff]" started-at="2023-03-11T21:02:51 IST" name="QuitBrowser" finished-at="2023-03-11T21:02:52 IST" duration-ms="1023" status="PASS">
          <reporter-output>
          </reporter-output>
        </test-method> <!-- QuitBrowser -->
        <test-method is-config="true" signature="SetUp()[pri:0, instance:TestCase.LoginTest@53fe15ff]" started-at="2023-03-11T21:02:52 IST" name="SetUp" finished-at="2023-03-11T21:02:57 IST" duration-ms="5351" status="PASS">
          <reporter-output>
          </reporter-output>
        </test-method> <!-- SetUp -->
        <test-method signature="excelTestData()[pri:0, instance:TestCase.LoginTest@53fe15ff]" started-at="2023-03-11T21:02:57 IST" name="excelTestData" finished-at="2023-03-11T21:03:11 IST" duration-ms="13553" status="PASS">
          <reporter-output>
          </reporter-output>
        </test-method> <!-- excelTestData -->
        <test-method is-config="true" signature="QuitBrowser()[pri:0, instance:TestCase.LoginTest@53fe15ff]" started-at="2023-03-11T21:03:11 IST" name="QuitBrowser" finished-at="2023-03-11T21:03:12 IST" duration-ms="1043" status="PASS">
          <reporter-output>
          </reporter-output>
        </test-method> <!-- QuitBrowser -->
        <test-method is-config="true" signature="SetUp()[pri:0, instance:TestCase.LoginTest@53fe15ff]" started-at="2023-03-11T21:03:12 IST" name="SetUp" finished-at="2023-03-11T21:03:18 IST" duration-ms="5516" status="PASS">
          <reporter-output>
          </reporter-output>
        </test-method> <!-- SetUp -->
        <test-method signature="paramTest(java.lang.String,java.lang.String)[pri:0, instance:TestCase.LoginTest@53fe15ff]" started-at="2023-03-11T21:03:18 IST" name="paramTest" finished-at="2023-03-11T21:03:34 IST" duration-ms="16536" status="PASS">
          <params>
            <param index="0">
              <value>
                <![CDATA[prasad@gmail.com]]>
              </value>
            </param>
            <param index="1">
              <value>
                <![CDATA[Test!2345]]>
              </value>
            </param>
          </params>
          <reporter-output>
          </reporter-output>
        </test-method> <!-- paramTest -->
        <test-method is-config="true" signature="QuitBrowser()[pri:0, instance:TestCase.LoginTest@53fe15ff]" started-at="2023-03-11T21:03:34 IST" name="QuitBrowser" finished-at="2023-03-11T21:03:35 IST" duration-ms="1109" status="PASS">
          <reporter-output>
          </reporter-output>
        </test-method> <!-- QuitBrowser -->
        <test-method is-config="true" signature="dataclose()[pri:0, instance:TestCase.LoginTest@53fe15ff]" started-at="2023-03-11T21:03:35 IST" name="dataclose" finished-at="2023-03-11T21:03:36 IST" duration-ms="294" status="PASS">
          <reporter-output>
          </reporter-output>
        </test-method> <!-- dataclose -->
      </class> <!-- TestCase.LoginTest -->
    </test> <!-- Test1 -->
  </suite> <!-- Suite -->
</testng-results>
